0 info it worked if it ends with ok
1 verbose cli [ 'D:\\eclipse-workspace\\.metadata\\.plugins\\ts.eclipse.ide.server.nodejs.embed.win32.win32.x86_64\\node-v6.9.4-win-x64\\node.exe',
1 verbose cli   'D:\\eclipse-workspace\\.metadata\\.plugins\\ts.eclipse.ide.server.nodejs.embed.win32.win32.x86_64\\node-v6.9.4-win-x64\\node_modules\\npm\\bin\\npm-cli.js',
1 verbose cli   'start' ]
2 info using npm@3.10.10
3 info using node@v6.9.4
4 verbose run-script [ 'prestart', 'start', 'poststart' ]
5 info lifecycle ziumlight-ui@0.0.0~prestart: ziumlight-ui@0.0.0
6 silly lifecycle ziumlight-ui@0.0.0~prestart: no script for prestart, continuing
7 info lifecycle ziumlight-ui@0.0.0~start: ziumlight-ui@0.0.0
8 verbose lifecycle ziumlight-ui@0.0.0~start: unsafe-perm in lifecycle true
9 verbose lifecycle ziumlight-ui@0.0.0~start: PATH: D:\eclipse-workspace\.metadata\.plugins\ts.eclipse.ide.server.nodejs.embed.win32.win32.x86_64\node-v6.9.4-win-x64\node_modules\npm\bin\node-gyp-bin;D:\JJck-development\ziumlightUI\node_modules\.bin;D:/eclipse-workspace/.metadata/.plugins/ts.eclipse.ide.server.nodejs.embed.win32.win32.x86_64/node-v6.9.4-win-x64;C:/Program Files/Java/jdk1.8.0_131/bin/../jre/bin/server;C:/Program Files/Java/jdk1.8.0_131/bin/../jre/bin;C:/Program Files/Java/jdk1.8.0_131/bin/../jre/lib/amd64;C:\Program Files (x86)\Intel\iCLS Client\;C:\Program Files\Intel\iCLS Client\;C:\Windows\system32;C:\Windows;C:\Windows\System32\Wbem;C:\Windows\System32\WindowsPowerShell\v1.0\;C:\Program Files (x86)\NVIDIA Corporation\PhysX\Common;C:\Program Files (x86)\Intel\Intel(R) Management Engine Components\DAL;C:\Program Files\Intel\Intel(R) Management Engine Components\DAL;C:\Program Files (x86)\Intel\Intel(R) Management Engine Components\IPT;C:\Program Files\Intel\Intel(R) Management Engine Components\IPT;C:\Program Files\Intel\WiFi\bin\;C:\Program Files\Common Files\Intel\WirelessCommon\;C:\WINDOWS\system32;C:\WINDOWS;C:\WINDOWS\System32\Wbem;C:\WINDOWS\System32\WindowsPowerShell\v1.0\;D:\Program Files\apache-maven-3.5.0\bin;D:\Program Files\Git\cmd;D:\Program Files\nodejs\;D:\Program Files\Yarn\bin;C:\Program Files\Java\jdk1.8.0_131\bin;D:\Program Files\TortoiseGit\bin;C:\Users\behch\AppData\Local\Microsoft\WindowsApps;D:\Program Files\Nmap;C:\Users\behch\AppData\Roaming\npm;C:\Users\behch\AppData\Local\Yarn\bin;C:\Program Files\Java\jdk1.8.0_131\bin;;D:\Program Files\Microsoft VS Code\bin;C:\Users\behch\Desktop;
10 verbose lifecycle ziumlight-ui@0.0.0~start: CWD: D:\JJck-development\ziumlightUI
11 silly lifecycle ziumlight-ui@0.0.0~start: Args: [ '/d /s /c', 'ng serve' ]
12 verbose stack Error: kill ENOSYS
12 verbose stack     at exports._errnoException (util.js:1022:11)
12 verbose stack     at process.kill (internal/process.js:172:13)
12 verbose stack     at process.listener (D:\eclipse-workspace\.metadata\.plugins\ts.eclipse.ide.server.nodejs.embed.win32.win32.x86_64\node-v6.9.4-win-x64\node_modules\npm\node_modules\npmlog\node_modules\gauge\node_modules\signal-exit\index.js:86:15)
12 verbose stack     at emitNone (events.js:91:20)
12 verbose stack     at process.emit (events.js:185:7)
12 verbose stack     at processEmit (D:\eclipse-workspace\.metadata\.plugins\ts.eclipse.ide.server.nodejs.embed.win32.win32.x86_64\node-v6.9.4-win-x64\node_modules\npm\node_modules\npmlog\node_modules\gauge\node_modules\signal-exit\index.js:146:32)
12 verbose stack     at processEmit (D:\eclipse-workspace\.metadata\.plugins\ts.eclipse.ide.server.nodejs.embed.win32.win32.x86_64\node-v6.9.4-win-x64\node_modules\npm\node_modules\npm-registry-client\node_modules\npmlog\node_modules\gauge\node_modules\signal-exit\index.js:146:32)
12 verbose stack     at Signal.wrap.onsignal (internal/process.js:199:44)
13 verbose cwd D:\JJck-development\ziumlightUI\src\app\helpers
14 error Windows_NT 10.0.16299
15 error argv "D:\\eclipse-workspace\\.metadata\\.plugins\\ts.eclipse.ide.server.nodejs.embed.win32.win32.x86_64\\node-v6.9.4-win-x64\\node.exe" "D:\\eclipse-workspace\\.metadata\\.plugins\\ts.eclipse.ide.server.nodejs.embed.win32.win32.x86_64\\node-v6.9.4-win-x64\\node_modules\\npm\\bin\\npm-cli.js" "start"
16 error node v6.9.4
17 error npm  v3.10.10
18 error code ENOSYS
19 error errno ENOSYS
20 error syscall kill
21 error kill ENOSYS
22 error If you need help, you may report this error at:
22 error     <https://github.com/npm/npm/issues>
23 verbose exit [ 1, true ]
